<?xml version="1.0" encoding="UTF-8"?>
<!-- Generated by org.testng.reporters.JUnitReportReporter -->
<testsuite hostname="Dipti" failures="0" tests="1" name="testscripts.FourthTest" time="14.444" errors="0" timestamp="2023-01-30T09:59:12 IST" skipped="0">
  <testcase classname="testscripts.FourthTest" name="fourthTest" time="14.444"/>
  <system-out/>
</testsuite> <!-- testscripts.FourthTest -->
