<?xml version="1.0" encoding="UTF-8"?>
<!-- Generated by org.testng.reporters.JUnitReportReporter -->
<testsuite hostname="Dipti" failures="0" tests="1" name="testscripts.SecondTest" time="29.875" errors="0" timestamp="2023-01-30T10:02:55 IST" skipped="0">
  <testcase classname="testscripts.SecondTest" name="secondTest" time="29.875"/>
  <system-out/>
</testsuite> <!-- testscripts.SecondTest -->
