<?xml version="1.0" encoding="UTF-8"?>
<!-- Generated by org.testng.reporters.JUnitReportReporter -->
<testsuite hostname="Dipti" failures="0" tests="1" name="testscripts.FirstTest" time="10.901" errors="0" timestamp="2023-01-31T12:17:19 IST" skipped="0">
  <testcase classname="testscripts.FirstTest" name="firstTest" time="10.901"/>
  <system-out/>
</testsuite> <!-- testscripts.FirstTest -->
